{"total": {"lines":{"total":287,"covered":254,"skipped":0,"pct":88.5},"statements":{"total":287,"covered":254,"skipped":0,"pct":88.5},"functions":{"total":50,"covered":42,"skipped":0,"pct":84},"branches":{"total":98,"covered":75,"skipped":0,"pct":76.53},"branchesTrue":{"total":0,"covered":0,"skipped":0,"pct":100}}
,"/home/ipbyrne/projects/jsonld-to-cypher/src/autograph.js": {"lines":{"total":77,"covered":75,"skipped":0,"pct":97.4},"functions":{"total":14,"covered":14,"skipped":0,"pct":100},"statements":{"total":77,"covered":75,"skipped":0,"pct":97.4},"branches":{"total":32,"covered":31,"skipped":0,"pct":96.87}}
,"/home/ipbyrne/projects/jsonld-to-cypher/src/documentLoader.js": {"lines":{"total":8,"covered":7,"skipped":0,"pct":87.5},"functions":{"total":1,"covered":1,"skipped":0,"pct":100},"statements":{"total":8,"covered":7,"skipped":0,"pct":87.5},"branches":{"total":2,"covered":1,"skipped":0,"pct":50}}
,"/home/ipbyrne/projects/jsonld-to-cypher/src/documentToJsonGraph.js": {"lines":{"total":23,"covered":23,"skipped":0,"pct":100},"functions":{"total":9,"covered":9,"skipped":0,"pct":100},"statements":{"total":23,"covered":23,"skipped":0,"pct":100},"branches":{"total":14,"covered":14,"skipped":0,"pct":100}}
,"/home/ipbyrne/projects/jsonld-to-cypher/src/index.js": {"lines":{"total":21,"covered":21,"skipped":0,"pct":100},"functions":{"total":3,"covered":3,"skipped":0,"pct":100},"statements":{"total":21,"covered":21,"skipped":0,"pct":100},"branches":{"total":3,"covered":3,"skipped":0,"pct":100}}
,"/home/ipbyrne/projects/jsonld-to-cypher/src/jsonGraphToCypher.js": {"lines":{"total":69,"covered":65,"skipped":0,"pct":94.2},"functions":{"total":9,"covered":8,"skipped":0,"pct":88.88},"statements":{"total":69,"covered":65,"skipped":0,"pct":94.2},"branches":{"total":28,"covered":24,"skipped":0,"pct":85.71}}
,"/home/ipbyrne/projects/jsonld-to-cypher/src/jsonGraphToDot.js": {"lines":{"total":22,"covered":22,"skipped":0,"pct":100},"functions":{"total":5,"covered":5,"skipped":0,"pct":100},"statements":{"total":22,"covered":22,"skipped":0,"pct":100},"branches":{"total":2,"covered":2,"skipped":0,"pct":100}}
,"/home/ipbyrne/projects/jsonld-to-cypher/src/jsonWebSigantureToDocument.js": {"lines":{"total":14,"covered":14,"skipped":0,"pct":100},"functions":{"total":2,"covered":2,"skipped":0,"pct":100},"statements":{"total":14,"covered":14,"skipped":0,"pct":100},"branches":{"total":0,"covered":0,"skipped":0,"pct":100}}
,"/home/ipbyrne/projects/jsonld-to-cypher/src/preferences.js": {"lines":{"total":4,"covered":4,"skipped":0,"pct":100},"functions":{"total":0,"covered":0,"skipped":0,"pct":100},"statements":{"total":4,"covered":4,"skipped":0,"pct":100},"branches":{"total":0,"covered":0,"skipped":0,"pct":100}}
,"/home/ipbyrne/projects/jsonld-to-cypher/src/utils.js": {"lines":{"total":29,"covered":8,"skipped":0,"pct":27.58},"functions":{"total":6,"covered":0,"skipped":0,"pct":0},"statements":{"total":29,"covered":8,"skipped":0,"pct":27.58},"branches":{"total":16,"covered":0,"skipped":0,"pct":0}}
,"/home/ipbyrne/projects/jsonld-to-cypher/src/__fixtures__/index.js": {"lines":{"total":10,"covered":10,"skipped":0,"pct":100},"functions":{"total":0,"covered":0,"skipped":0,"pct":100},"statements":{"total":10,"covered":10,"skipped":0,"pct":100},"branches":{"total":0,"covered":0,"skipped":0,"pct":100}}
,"/home/ipbyrne/projects/jsonld-to-cypher/src/__fixtures__/preview.js": {"lines":{"total":10,"covered":5,"skipped":0,"pct":50},"functions":{"total":1,"covered":0,"skipped":0,"pct":0},"statements":{"total":10,"covered":5,"skipped":0,"pct":50},"branches":{"total":1,"covered":0,"skipped":0,"pct":0}}
}
